{"level":"info","message":"Server running on port 3000"}
{"level":"info","message":"Server running on port 3000"}
{"level":"info","message":"Server running on port 3000"}
{"level":"info","message":"Server running on port 3000"}
{"level":"info","message":"Server running on port 3000"}
{"level":"info","message":"Server running on port 3000"}
{"level":"info","message":"Server running on port 3000"}
{"level":"info","message":"Server running on port 3000"}
{"level":"info","message":"Server running on port 3000"}
{"level":"info","message":"Server running on port 3000"}
{"level":"info","message":"Server running on port 3000"}
{"level":"info","message":"Server running on port 3000"}
{"level":"info","message":"Server running on port 3000"}
{"level":"info","message":"Server running on port 3000"}
{"level":"info","message":"Server running on port 3000"}
{"level":"info","message":"Server running on port 3000"}
{"level":"info","message":"Server running on port 3000"}
{"level":"info","message":"Server running on port 3000"}
{"level":"info","message":"Server running on port 3000"}
{"level":"info","message":"Server running on port 3000"}
{"level":"info","message":"Server running on port 3000"}
{"level":"info","message":"Server running on port 3000"}
{"level":"info","message":"Server running on port 3000"}
{"level":"info","message":"Server running on port 3000"}
{"level":"info","message":"Server running on port 3000"}
{"level":"info","message":"Server running on port 3000"}
{"level":"info","message":"Server running on port 3000"}
{"level":"info","message":"Server running on port 3000"}
{"level":"info","message":"Server running on port 3000"}
{"level":"info","message":"Server running on port 3000"}
{"level":"info","message":"Server running on port 3000"}
{"level":"info","message":"Server running on port 3000"}
{"level":"info","message":"Server running on port 3000"}
{"level":"info","message":"Server running on port 3000"}
{"level":"info","message":"Server running on port 3000"}
{"level":"info","message":"Server running on port 3000"}
{"level":"info","message":"Server running on port 3000"}
{"level":"info","message":"Server running on port 3000"}
{"level":"info","message":"Server running on port 3000"}
{"level":"info","message":"Server running on port 3000"}
{"level":"info","message":"Server running on port 3000"}
{"level":"info","message":"Server running on port 3000"}
{"level":"info","message":"Server running on port 3000"}
{"level":"info","message":"Server running on port 3000"}
{"level":"info","message":"Server running on port 3000"}
{"level":"info","message":"Server running on port 3000"}
{"level":"error","message":"Error fetching transactions for user B1bfQrva3hf8L0Sj772exqScQ1J2: password authentication failed for user \"username\""}
{"level":"error","message":"Error fetching wallet for user B1bfQrva3hf8L0Sj772exqScQ1J2: read ECONNRESET"}
{"level":"error","message":"Error fetching transactions for user B1bfQrva3hf8L0Sj772exqScQ1J2: password authentication failed for user \"username\""}
{"level":"error","message":"Error fetching wallet for user B1bfQrva3hf8L0Sj772exqScQ1J2: read ECONNRESET"}
{"level":"error","message":"Error fetching wallet for user B1bfQrva3hf8L0Sj772exqScQ1J2: password authentication failed for user \"username\""}
{"level":"error","message":"Error fetching transactions for user B1bfQrva3hf8L0Sj772exqScQ1J2: read ECONNRESET"}
{"level":"info","message":"Server running on port 3000"}
{"level":"error","message":"Error fetching wallet for user B1bfQrva3hf8L0Sj772exqScQ1J2: password authentication failed for user \"username\""}
{"level":"error","message":"Error fetching transactions for user B1bfQrva3hf8L0Sj772exqScQ1J2: read ECONNRESET"}
{"level":"error","message":"Error fetching transactions for user B1bfQrva3hf8L0Sj772exqScQ1J2: password authentication failed for user \"username\""}
{"level":"error","message":"Error fetching wallet for user B1bfQrva3hf8L0Sj772exqScQ1J2: read ECONNRESET"}
{"level":"error","message":"Error fetching wallet for user B1bfQrva3hf8L0Sj772exqScQ1J2: password authentication failed for user \"username\""}
{"level":"error","message":"Error fetching transactions for user B1bfQrva3hf8L0Sj772exqScQ1J2: read ECONNRESET"}
